This file contains any messages produced by compilers while
running configure, to aid debugging if configure makes a mistake.

It was created by OpenREIL configure 0.1, which was
generated by GNU Autoconf 2.68.  Invocation command line was

  $ ./configure 

## --------- ##
## Platform. ##
## --------- ##

hostname = drone-0cbb908a11
uname -m = x86_64
uname -r = 3.2.0-23-virtual
uname -s = Linux
uname -v = #36-Ubuntu SMP Tue Apr 10 22:29:03 UTC 2012

/usr/bin/uname -p = unknown
/bin/uname -X     = unknown

/bin/arch              = unknown
/usr/bin/arch -k       = unknown
/usr/convex/getsysinfo = unknown
/usr/bin/hostinfo      = unknown
/bin/machine           = unknown
/usr/bin/oslevel       = unknown
/bin/universe          = unknown

PATH: /usr/local/sbin
PATH: /usr/local/bin
PATH: /usr/sbin
PATH: /usr/bin
PATH: /sbin
PATH: /bin


## ----------- ##
## Core tests. ##
## ----------- ##

configure:2292: checking for a BSD-compatible install
configure:2360: result: /usr/bin/install -c
configure:2371: checking whether build environment is sane
configure:2421: result: yes
configure:2562: checking for a thread-safe mkdir -p
configure:2601: result: /bin/mkdir -p
configure:2614: checking for gawk
configure:2644: result: no
configure:2614: checking for mawk
configure:2630: found /usr/bin/mawk
configure:2641: result: mawk
configure:2652: checking whether make sets $(MAKE)
configure:2674: result: yes
configure:2814: checking for g++
configure:2830: found /usr/bin/g++
configure:2841: result: g++
configure:2868: checking for C++ compiler version
configure:2877: g++ --version >&5
g++ (Ubuntu/Linaro 4.6.3-1ubuntu5) 4.6.3
Copyright (C) 2011 Free Software Foundation, Inc.
This is free software; see the source for copying conditions.  There is NO
warranty; not even for MERCHANTABILITY or FITNESS FOR A PARTICULAR PURPOSE.

configure:2888: $? = 0
configure:2877: g++ -v >&5
Using built-in specs.
COLLECT_GCC=g++
COLLECT_LTO_WRAPPER=/usr/lib/gcc/x86_64-linux-gnu/4.6/lto-wrapper
Target: x86_64-linux-gnu
Configured with: ../src/configure -v --with-pkgversion='Ubuntu/Linaro 4.6.3-1ubuntu5' --with-bugurl=file:///usr/share/doc/gcc-4.6/README.Bugs --enable-languages=c,c++,fortran,objc,obj-c++ --prefix=/usr --program-suffix=-4.6 --enable-shared --enable-linker-build-id --with-system-zlib --libexecdir=/usr/lib --without-included-gettext --enable-threads=posix --with-gxx-include-dir=/usr/include/c++/4.6 --libdir=/usr/lib --enable-nls --with-sysroot=/ --enable-clocale=gnu --enable-libstdcxx-debug --enable-libstdcxx-time=yes --enable-gnu-unique-object --enable-plugin --enable-objc-gc --disable-werror --with-arch-32=i686 --with-tune=generic --enable-checking=release --build=x86_64-linux-gnu --host=x86_64-linux-gnu --target=x86_64-linux-gnu
Thread model: posix
gcc version 4.6.3 (Ubuntu/Linaro 4.6.3-1ubuntu5) 
configure:2888: $? = 0
configure:2877: g++ -V >&5
g++: error: unrecognized option '-V'
g++: fatal error: no input files
compilation terminated.
configure:2888: $? = 4
configure:2877: g++ -qversion >&5
g++: error: unrecognized option '-qversion'
g++: fatal error: no input files
compilation terminated.
configure:2888: $? = 4
configure:2908: checking whether the C++ compiler works
configure:2930: g++    conftest.cpp  >&5
configure:2934: $? = 0
configure:2982: result: yes
configure:2985: checking for C++ compiler default output file name
configure:2987: result: a.out
configure:2993: checking for suffix of executables
configure:3000: g++ -o conftest    conftest.cpp  >&5
configure:3004: $? = 0
configure:3026: result: 
configure:3048: checking whether we are cross compiling
configure:3056: g++ -o conftest    conftest.cpp  >&5
configure:3060: $? = 0
configure:3067: ./conftest
configure:3071: $? = 0
configure:3086: result: no
configure:3091: checking for suffix of object files
configure:3113: g++ -c   conftest.cpp >&5
configure:3117: $? = 0
configure:3138: result: o
configure:3142: checking whether we are using the GNU C++ compiler
configure:3161: g++ -c   conftest.cpp >&5
configure:3161: $? = 0
configure:3170: result: yes
configure:3179: checking whether g++ accepts -g
configure:3199: g++ -c -g  conftest.cpp >&5
configure:3199: $? = 0
configure:3240: result: yes
configure:3274: checking for style of include used by make
configure:3302: result: GNU
configure:3328: checking dependency style of g++
configure:3439: result: gcc3
configure:3502: checking for gcc
configure:3518: found /usr/bin/gcc
configure:3529: result: gcc
configure:3758: checking for C compiler version
configure:3767: gcc --version >&5
gcc (Ubuntu/Linaro 4.6.3-1ubuntu5) 4.6.3
Copyright (C) 2011 Free Software Foundation, Inc.
This is free software; see the source for copying conditions.  There is NO
warranty; not even for MERCHANTABILITY or FITNESS FOR A PARTICULAR PURPOSE.

configure:3778: $? = 0
configure:3767: gcc -v >&5
Using built-in specs.
COLLECT_GCC=gcc
COLLECT_LTO_WRAPPER=/usr/lib/gcc/x86_64-linux-gnu/4.6/lto-wrapper
Target: x86_64-linux-gnu
Configured with: ../src/configure -v --with-pkgversion='Ubuntu/Linaro 4.6.3-1ubuntu5' --with-bugurl=file:///usr/share/doc/gcc-4.6/README.Bugs --enable-languages=c,c++,fortran,objc,obj-c++ --prefix=/usr --program-suffix=-4.6 --enable-shared --enable-linker-build-id --with-system-zlib --libexecdir=/usr/lib --without-included-gettext --enable-threads=posix --with-gxx-include-dir=/usr/include/c++/4.6 --libdir=/usr/lib --enable-nls --with-sysroot=/ --enable-clocale=gnu --enable-libstdcxx-debug --enable-libstdcxx-time=yes --enable-gnu-unique-object --enable-plugin --enable-objc-gc --disable-werror --with-arch-32=i686 --with-tune=generic --enable-checking=release --build=x86_64-linux-gnu --host=x86_64-linux-gnu --target=x86_64-linux-gnu
Thread model: posix
gcc version 4.6.3 (Ubuntu/Linaro 4.6.3-1ubuntu5) 
configure:3778: $? = 0
configure:3767: gcc -V >&5
gcc: error: unrecognized option '-V'
gcc: fatal error: no input files
compilation terminated.
configure:3778: $? = 4
configure:3767: gcc -qversion >&5
gcc: error: unrecognized option '-qversion'
gcc: fatal error: no input files
compilation terminated.
configure:3778: $? = 4
configure:3782: checking whether we are using the GNU C compiler
configure:3801: gcc -c   conftest.c >&5
configure:3801: $? = 0
configure:3810: result: yes
configure:3819: checking whether gcc accepts -g
configure:3839: gcc -c -g  conftest.c >&5
configure:3839: $? = 0
configure:3880: result: yes
configure:3897: checking for gcc option to accept ISO C89
configure:3961: gcc  -c -g -O2  conftest.c >&5
configure:3961: $? = 0
configure:3974: result: none needed
configure:3996: checking dependency style of gcc
configure:4107: result: gcc3
configure:4122: checking whether make sets $(MAKE)
configure:4144: result: yes
configure:4196: checking for ranlib
configure:4212: found /usr/bin/ranlib
configure:4223: result: ranlib
configure:4258: checking for python
configure:4276: found /usr/bin/python
configure:4288: result: /usr/bin/python
configure:4309: checking for python version
configure:4316: result: 2.7
configure:4328: checking for python platform
configure:4335: result: linux2
configure:4342: checking for python script directory
configure:4370: result: ${prefix}/lib/python2.7/dist-packages
configure:4379: checking for python extension module directory
configure:4407: result: ${exec_prefix}/lib/python2.7/dist-packages
configure:4423: checking for cython
configure:4439: found /usr/bin/cython
configure:4450: result: yes
configure:4465: checking for Py_Initialize in -lpython2.7
configure:4490: gcc -o conftest -g -O2   conftest.c -lpython2.7   >&5
configure:4490: $? = 0
configure:4500: result: yes
configure:4579: checking how to run the C preprocessor
configure:4610: gcc -E  conftest.c
configure:4610: $? = 0
configure:4624: gcc -E  conftest.c
conftest.c:12:28: fatal error: ac_nonexistent.h: No such file or directory
compilation terminated.
configure:4624: $? = 1
configure: failed program was:
| /* confdefs.h */
| #define PACKAGE_NAME "OpenREIL"
| #define PACKAGE_TARNAME "openreil"
| #define PACKAGE_VERSION "0.1"
| #define PACKAGE_STRING "OpenREIL 0.1"
| #define PACKAGE_BUGREPORT "cr4sh0@gmail.com"
| #define PACKAGE_URL ""
| #define PACKAGE "openreil"
| #define VERSION "0.1"
| #define HAVE_LIBPYTHON2_7 1
| /* end confdefs.h.  */
| #include <ac_nonexistent.h>
configure:4649: result: gcc -E
configure:4669: gcc -E  conftest.c
configure:4669: $? = 0
configure:4683: gcc -E  conftest.c
conftest.c:12:28: fatal error: ac_nonexistent.h: No such file or directory
compilation terminated.
configure:4683: $? = 1
configure: failed program was:
| /* confdefs.h */
| #define PACKAGE_NAME "OpenREIL"
| #define PACKAGE_TARNAME "openreil"
| #define PACKAGE_VERSION "0.1"
| #define PACKAGE_STRING "OpenREIL 0.1"
| #define PACKAGE_BUGREPORT "cr4sh0@gmail.com"
| #define PACKAGE_URL ""
| #define PACKAGE "openreil"
| #define VERSION "0.1"
| #define HAVE_LIBPYTHON2_7 1
| /* end confdefs.h.  */
| #include <ac_nonexistent.h>
configure:4712: checking for grep that handles long lines and -e
configure:4770: result: /bin/grep
configure:4775: checking for egrep
configure:4837: result: /bin/grep -E
configure:4842: checking for ANSI C header files
configure:4862: gcc -c -g -O2 -DAMD64  conftest.c >&5
configure:4862: $? = 0
configure:4935: gcc -o conftest -g -O2 -DAMD64   conftest.c -lpython2.7  >&5
configure:4935: $? = 0
configure:4935: ./conftest
configure:4935: $? = 0
configure:4946: result: yes
configure:4959: checking for sys/types.h
configure:4959: gcc -c -g -O2 -DAMD64  conftest.c >&5
configure:4959: $? = 0
configure:4959: result: yes
configure:4959: checking for sys/stat.h
configure:4959: gcc -c -g -O2 -DAMD64  conftest.c >&5
configure:4959: $? = 0
configure:4959: result: yes
configure:4959: checking for stdlib.h
configure:4959: gcc -c -g -O2 -DAMD64  conftest.c >&5
configure:4959: $? = 0
configure:4959: result: yes
configure:4959: checking for string.h
configure:4959: gcc -c -g -O2 -DAMD64  conftest.c >&5
configure:4959: $? = 0
configure:4959: result: yes
configure:4959: checking for memory.h
configure:4959: gcc -c -g -O2 -DAMD64  conftest.c >&5
configure:4959: $? = 0
configure:4959: result: yes
configure:4959: checking for strings.h
configure:4959: gcc -c -g -O2 -DAMD64  conftest.c >&5
configure:4959: $? = 0
configure:4959: result: yes
configure:4959: checking for inttypes.h
configure:4959: gcc -c -g -O2 -DAMD64  conftest.c >&5
configure:4959: $? = 0
configure:4959: result: yes
configure:4959: checking for stdint.h
configure:4959: gcc -c -g -O2 -DAMD64  conftest.c >&5
configure:4959: $? = 0
configure:4959: result: yes
configure:4959: checking for unistd.h
configure:4959: gcc -c -g -O2 -DAMD64  conftest.c >&5
configure:4959: $? = 0
configure:4959: result: yes
configure:4974: checking fcntl.h usability
configure:4974: gcc -c -g -O2 -DAMD64  conftest.c >&5
configure:4974: $? = 0
configure:4974: result: yes
configure:4974: checking fcntl.h presence
configure:4974: gcc -E  conftest.c
configure:4974: $? = 0
configure:4974: result: yes
configure:4974: checking for fcntl.h
configure:4974: result: yes
configure:4974: checking for stdint.h
configure:4974: result: yes
configure:4974: checking for stdlib.h
configure:4974: result: yes
configure:4974: checking stdio.h usability
configure:4974: gcc -c -g -O2 -DAMD64  conftest.c >&5
configure:4974: $? = 0
configure:4974: result: yes
configure:4974: checking stdio.h presence
configure:4974: gcc -E  conftest.c
configure:4974: $? = 0
configure:4974: result: yes
configure:4974: checking for stdio.h
configure:4974: result: yes
configure:4974: checking for string.h
configure:4974: result: yes
configure:4974: checking for unistd.h
configure:4974: result: yes
configure:4988: checking for stdbool.h that conforms to C99
configure:5055: gcc -c -g -O2 -DAMD64  conftest.c >&5
configure:5055: $? = 0
configure:5062: result: yes
configure:5064: checking for _Bool
configure:5064: gcc -c -g -O2 -DAMD64  conftest.c >&5
configure:5064: $? = 0
configure:5064: gcc -c -g -O2 -DAMD64  conftest.c >&5
conftest.c: In function 'main':
conftest.c:64:20: error: expected expression before ')' token
configure:5064: $? = 1
configure: failed program was:
| /* confdefs.h */
| #define PACKAGE_NAME "OpenREIL"
| #define PACKAGE_TARNAME "openreil"
| #define PACKAGE_VERSION "0.1"
| #define PACKAGE_STRING "OpenREIL 0.1"
| #define PACKAGE_BUGREPORT "cr4sh0@gmail.com"
| #define PACKAGE_URL ""
| #define PACKAGE "openreil"
| #define VERSION "0.1"
| #define HAVE_LIBPYTHON2_7 1
| #define STDC_HEADERS 1
| #define HAVE_SYS_TYPES_H 1
| #define HAVE_SYS_STAT_H 1
| #define HAVE_STDLIB_H 1
| #define HAVE_STRING_H 1
| #define HAVE_MEMORY_H 1
| #define HAVE_STRINGS_H 1
| #define HAVE_INTTYPES_H 1
| #define HAVE_STDINT_H 1
| #define HAVE_UNISTD_H 1
| #define HAVE_FCNTL_H 1
| #define HAVE_STDINT_H 1
| #define HAVE_STDLIB_H 1
| #define HAVE_STDIO_H 1
| #define HAVE_STRING_H 1
| #define HAVE_UNISTD_H 1
| /* end confdefs.h.  */
| #include <stdio.h>
| #ifdef HAVE_SYS_TYPES_H
| # include <sys/types.h>
| #endif
| #ifdef HAVE_SYS_STAT_H
| # include <sys/stat.h>
| #endif
| #ifdef STDC_HEADERS
| # include <stdlib.h>
| # include <stddef.h>
| #else
| # ifdef HAVE_STDLIB_H
| #  include <stdlib.h>
| # endif
| #endif
| #ifdef HAVE_STRING_H
| # if !defined STDC_HEADERS && defined HAVE_MEMORY_H
| #  include <memory.h>
| # endif
| # include <string.h>
| #endif
| #ifdef HAVE_STRINGS_H
| # include <strings.h>
| #endif
| #ifdef HAVE_INTTYPES_H
| # include <inttypes.h>
| #endif
| #ifdef HAVE_STDINT_H
| # include <stdint.h>
| #endif
| #ifdef HAVE_UNISTD_H
| # include <unistd.h>
| #endif
| int
| main ()
| {
| if (sizeof ((_Bool)))
| 	    return 0;
|   ;
|   return 0;
| }
configure:5064: result: yes
configure:5080: checking for an ANSI C-conforming const
configure:5145: gcc -c -g -O2 -DAMD64  conftest.c >&5
configure:5145: $? = 0
configure:5152: result: yes
configure:5160: checking for size_t
configure:5160: gcc -c -g -O2 -DAMD64  conftest.c >&5
configure:5160: $? = 0
configure:5160: gcc -c -g -O2 -DAMD64  conftest.c >&5
conftest.c: In function 'main':
conftest.c:66:21: error: expected expression before ')' token
configure:5160: $? = 1
configure: failed program was:
| /* confdefs.h */
| #define PACKAGE_NAME "OpenREIL"
| #define PACKAGE_TARNAME "openreil"
| #define PACKAGE_VERSION "0.1"
| #define PACKAGE_STRING "OpenREIL 0.1"
| #define PACKAGE_BUGREPORT "cr4sh0@gmail.com"
| #define PACKAGE_URL ""
| #define PACKAGE "openreil"
| #define VERSION "0.1"
| #define HAVE_LIBPYTHON2_7 1
| #define STDC_HEADERS 1
| #define HAVE_SYS_TYPES_H 1
| #define HAVE_SYS_STAT_H 1
| #define HAVE_STDLIB_H 1
| #define HAVE_STRING_H 1
| #define HAVE_MEMORY_H 1
| #define HAVE_STRINGS_H 1
| #define HAVE_INTTYPES_H 1
| #define HAVE_STDINT_H 1
| #define HAVE_UNISTD_H 1
| #define HAVE_FCNTL_H 1
| #define HAVE_STDINT_H 1
| #define HAVE_STDLIB_H 1
| #define HAVE_STDIO_H 1
| #define HAVE_STRING_H 1
| #define HAVE_UNISTD_H 1
| #define HAVE__BOOL 1
| #define HAVE_STDBOOL_H 1
| /* end confdefs.h.  */
| #include <stdio.h>
| #ifdef HAVE_SYS_TYPES_H
| # include <sys/types.h>
| #endif
| #ifdef HAVE_SYS_STAT_H
| # include <sys/stat.h>
| #endif
| #ifdef STDC_HEADERS
| # include <stdlib.h>
| # include <stddef.h>
| #else
| # ifdef HAVE_STDLIB_H
| #  include <stdlib.h>
| # endif
| #endif
| #ifdef HAVE_STRING_H
| # if !defined STDC_HEADERS && defined HAVE_MEMORY_H
| #  include <memory.h>
| # endif
| # include <string.h>
| #endif
| #ifdef HAVE_STRINGS_H
| # include <strings.h>
| #endif
| #ifdef HAVE_INTTYPES_H
| # include <inttypes.h>
| #endif
| #ifdef HAVE_STDINT_H
| # include <stdint.h>
| #endif
| #ifdef HAVE_UNISTD_H
| # include <unistd.h>
| #endif
| int
| main ()
| {
| if (sizeof ((size_t)))
| 	    return 0;
|   ;
|   return 0;
| }
configure:5160: result: yes
configure:5180: checking for stdlib.h
configure:5180: result: yes
configure:5190: checking for GNU libc compatible malloc
configure:5214: gcc -o conftest -g -O2 -DAMD64   conftest.c -lpython2.7  >&5
configure:5214: $? = 0
configure:5214: ./conftest
configure:5214: $? = 0
configure:5224: result: yes
configure:5245: checking for working memcmp
configure:5288: gcc -o conftest -g -O2 -DAMD64   conftest.c -lpython2.7  >&5
configure:5288: $? = 0
configure:5288: ./conftest
configure:5288: $? = 0
configure:5298: result: yes
configure:5310: checking for bzero
configure:5310: gcc -o conftest -g -O2 -DAMD64   conftest.c -lpython2.7  >&5
conftest.c:56:6: warning: conflicting types for built-in function 'bzero' [enabled by default]
configure:5310: $? = 0
configure:5310: result: yes
configure:5310: checking for memset
configure:5310: gcc -o conftest -g -O2 -DAMD64   conftest.c -lpython2.7  >&5
conftest.c:57:6: warning: conflicting types for built-in function 'memset' [enabled by default]
configure:5310: $? = 0
configure:5310: result: yes
configure:5310: checking for strstr
configure:5310: gcc -o conftest -g -O2 -DAMD64   conftest.c -lpython2.7  >&5
conftest.c:58:6: warning: conflicting types for built-in function 'strstr' [enabled by default]
configure:5310: $? = 0
configure:5310: result: yes
configure:5310: checking for strtoul
configure:5310: gcc -o conftest -g -O2 -DAMD64   conftest.c -lpython2.7  >&5
configure:5310: $? = 0
configure:5310: result: yes
configure:5457: creating ./config.status

## ---------------------- ##
## Running config.status. ##
## ---------------------- ##

This file was extended by OpenREIL config.status 0.1, which was
generated by GNU Autoconf 2.68.  Invocation command line was

  CONFIG_FILES    = 
  CONFIG_HEADERS  = 
  CONFIG_LINKS    = 
  CONFIG_COMMANDS = 
  $ ./config.status 

on drone-0cbb908a11

config.status:910: creating Makefile
config.status:910: creating libasmir/Makefile
config.status:910: creating libasmir/src/Makefile
config.status:910: creating libopenreil/Makefile
config.status:910: creating libopenreil/src/Makefile
config.status:910: creating libopenreil/apps/Makefile
config.status:910: creating pyopenreil/Makefile
config.status:910: creating libasmir/config.h
config.status:1139: executing depfiles commands

## ---------------- ##
## Cache variables. ##
## ---------------- ##

ac_cv_c_compiler_gnu=yes
ac_cv_c_const=yes
ac_cv_cxx_compiler_gnu=yes
ac_cv_env_CCC_set=
ac_cv_env_CCC_value=
ac_cv_env_CC_set=
ac_cv_env_CC_value=
ac_cv_env_CFLAGS_set=
ac_cv_env_CFLAGS_value=
ac_cv_env_CPPFLAGS_set=
ac_cv_env_CPPFLAGS_value=
ac_cv_env_CPP_set=
ac_cv_env_CPP_value=
ac_cv_env_CXXFLAGS_set=
ac_cv_env_CXXFLAGS_value=
ac_cv_env_CXX_set=
ac_cv_env_CXX_value=
ac_cv_env_LDFLAGS_set=
ac_cv_env_LDFLAGS_value=
ac_cv_env_LIBS_set=
ac_cv_env_LIBS_value=
ac_cv_env_PYTHON_set=
ac_cv_env_PYTHON_value=
ac_cv_env_build_alias_set=
ac_cv_env_build_alias_value=
ac_cv_env_host_alias_set=
ac_cv_env_host_alias_value=
ac_cv_env_target_alias_set=
ac_cv_env_target_alias_value=
ac_cv_func_bzero=yes
ac_cv_func_malloc_0_nonnull=yes
ac_cv_func_memcmp_working=yes
ac_cv_func_memset=yes
ac_cv_func_strstr=yes
ac_cv_func_strtoul=yes
ac_cv_header_fcntl_h=yes
ac_cv_header_inttypes_h=yes
ac_cv_header_memory_h=yes
ac_cv_header_stdbool_h=yes
ac_cv_header_stdc=yes
ac_cv_header_stdint_h=yes
ac_cv_header_stdio_h=yes
ac_cv_header_stdlib_h=yes
ac_cv_header_string_h=yes
ac_cv_header_strings_h=yes
ac_cv_header_sys_stat_h=yes
ac_cv_header_sys_types_h=yes
ac_cv_header_unistd_h=yes
ac_cv_lib_python2_7___Py_Initialize=yes
ac_cv_objext=o
ac_cv_path_EGREP='/bin/grep -E'
ac_cv_path_GREP=/bin/grep
ac_cv_path_PYTHON=/usr/bin/python
ac_cv_path_install='/usr/bin/install -c'
ac_cv_path_mkdir=/bin/mkdir
ac_cv_prog_AWK=mawk
ac_cv_prog_CPP='gcc -E'
ac_cv_prog_CYTHON_FOUND=yes
ac_cv_prog_ac_ct_CC=gcc
ac_cv_prog_ac_ct_CXX=g++
ac_cv_prog_ac_ct_RANLIB=ranlib
ac_cv_prog_cc_c89=
ac_cv_prog_cc_g=yes
ac_cv_prog_cxx_g=yes
ac_cv_prog_make_make_set=yes
ac_cv_type__Bool=yes
ac_cv_type_size_t=yes
am_cv_CC_dependencies_compiler_type=gcc3
am_cv_CXX_dependencies_compiler_type=gcc3
am_cv_python_platform=linux2
am_cv_python_pyexecdir='${exec_prefix}/lib/python2.7/dist-packages'
am_cv_python_pythondir='${prefix}/lib/python2.7/dist-packages'
am_cv_python_version=2.7

## ----------------- ##
## Output variables. ##
## ----------------- ##

ACLOCAL='${SHELL} /tmp/openreil/missing --run aclocal-1.11'
AMDEPBACKSLASH='\'
AMDEP_FALSE='#'
AMDEP_TRUE=''
AMTAR='$${TAR-tar}'
ASMIR_DIR='/tmp/openreil/libasmir'
AUTOCONF='${SHELL} /tmp/openreil/missing --run autoconf'
AUTOHEADER='${SHELL} /tmp/openreil/missing --run autoheader'
AUTOMAKE='${SHELL} /tmp/openreil/missing --run automake-1.11'
AWK='mawk'
BAP_DIR='/tmp/openreil'
CAPSTONE_DIR='/tmp/openreil/capstone/capstone'
CC='gcc'
CCDEPMODE='depmode=gcc3'
CFLAGS='-g -O2 -DAMD64'
CPP='gcc -E'
CPPFLAGS=''
CXX='g++'
CXXDEPMODE='depmode=gcc3'
CXXFLAGS='-g -O2'
CYGPATH_W='echo'
CYTHON_FOUND='yes'
DEFS='-DHAVE_CONFIG_H'
DEPDIR='.deps'
DISASM_INC='${CAPSTONE_DIR}/include'
DISASM_NAME='capstone'
ECHO_C=''
ECHO_N='-n'
ECHO_T=''
EGREP='/bin/grep -E'
EXEEXT=''
GREP='/bin/grep'
INCDIRS=''
INSTALL_DATA='${INSTALL} -m 644'
INSTALL_PROGRAM='${INSTALL}'
INSTALL_SCRIPT='${INSTALL}'
INSTALL_STRIP_PROGRAM='$(install_sh) -c -s'
LDFLAGS=''
LIBOBJS=''
LIBS='-lpython2.7 '
LIB_EXT='a'
LTLIBOBJS=''
MAKEINFO='${SHELL} /tmp/openreil/missing --run makeinfo'
MKDIR_P='/bin/mkdir -p'
OBJEXT='o'
OPENREIL_DIR='/tmp/openreil/libopenreil'
PACKAGE='openreil'
PACKAGE_BUGREPORT='cr4sh0@gmail.com'
PACKAGE_NAME='OpenREIL'
PACKAGE_STRING='OpenREIL 0.1'
PACKAGE_TARNAME='openreil'
PACKAGE_URL=''
PACKAGE_VERSION='0.1'
PATH_SEPARATOR=':'
PYOPENREIL_DIR='/tmp/openreil/pyopenreil'
PYTHON='/usr/bin/python'
PYTHON_EXEC_PREFIX='${exec_prefix}'
PYTHON_PLATFORM='linux2'
PYTHON_PREFIX='${prefix}'
PYTHON_VERSION='2.7'
RANLIB='ranlib'
SET_MAKE=''
SHELL='/bin/bash'
STRIP=''
VERSION='0.1'
VEX_DIR='/tmp/openreil/VEX'
XED_DIR='/tmp/openreil/xed2-ia32'
ac_ct_CC='gcc'
ac_ct_CXX='g++'
am__EXEEXT_FALSE=''
am__EXEEXT_TRUE='#'
am__fastdepCC_FALSE='#'
am__fastdepCC_TRUE=''
am__fastdepCXX_FALSE='#'
am__fastdepCXX_TRUE=''
am__include='include'
am__isrc=''
am__leading_dot='.'
am__nodep='_no'
am__quote=''
am__tar='$${TAR-tar} chof - "$$tardir"'
am__untar='$${TAR-tar} xf -'
bindir='${exec_prefix}/bin'
build_alias=''
datadir='${datarootdir}'
datarootdir='${prefix}/share'
docdir='${datarootdir}/doc/${PACKAGE_TARNAME}'
dvidir='${docdir}'
exec_prefix='${prefix}'
host_alias=''
htmldir='${docdir}'
includedir='${prefix}/include'
infodir='${datarootdir}/info'
install_sh='${SHELL} /tmp/openreil/install-sh'
libdir='${exec_prefix}/lib'
libexecdir='${exec_prefix}/libexec'
localedir='${datarootdir}/locale'
localstatedir='${prefix}/var'
mandir='${datarootdir}/man'
mkdir_p='/bin/mkdir -p'
oldincludedir='/usr/include'
pdfdir='${docdir}'
pkgpyexecdir='${pyexecdir}/openreil'
pkgpythondir='${pythondir}/openreil'
prefix='/usr/local'
program_transform_name='s,x,x,'
psdir='${docdir}'
pyexecdir='${exec_prefix}/lib/python2.7/dist-packages'
pythondir='${prefix}/lib/python2.7/dist-packages'
sbindir='${exec_prefix}/sbin'
sharedstatedir='${prefix}/com'
sysconfdir='${prefix}/etc'
target_alias=''

## ----------- ##
## confdefs.h. ##
## ----------- ##

/* confdefs.h */
#define PACKAGE_NAME "OpenREIL"
#define PACKAGE_TARNAME "openreil"
#define PACKAGE_VERSION "0.1"
#define PACKAGE_STRING "OpenREIL 0.1"
#define PACKAGE_BUGREPORT "cr4sh0@gmail.com"
#define PACKAGE_URL ""
#define PACKAGE "openreil"
#define VERSION "0.1"
#define HAVE_LIBPYTHON2_7 1
#define STDC_HEADERS 1
#define HAVE_SYS_TYPES_H 1
#define HAVE_SYS_STAT_H 1
#define HAVE_STDLIB_H 1
#define HAVE_STRING_H 1
#define HAVE_MEMORY_H 1
#define HAVE_STRINGS_H 1
#define HAVE_INTTYPES_H 1
#define HAVE_STDINT_H 1
#define HAVE_UNISTD_H 1
#define HAVE_FCNTL_H 1
#define HAVE_STDINT_H 1
#define HAVE_STDLIB_H 1
#define HAVE_STDIO_H 1
#define HAVE_STRING_H 1
#define HAVE_UNISTD_H 1
#define HAVE__BOOL 1
#define HAVE_STDBOOL_H 1
#define VEX_VERSION 2201
#define HAVE_STDLIB_H 1
#define HAVE_MALLOC 1
#define HAVE_BZERO 1
#define HAVE_MEMSET 1
#define HAVE_STRSTR 1
#define HAVE_STRTOUL 1

configure: exit 0
